<?xml version="1.0" encoding="UTF-8"?>
<!-- Generated by org.testng.reporters.JUnitReportReporter -->
<testsuite hostname="Nit" name="com.hrms.testScript.TC_002" tests="1" failures="0" timestamp="31 Dec 2019 06:15:47 GMT" time="23.572" errors="0">
  <testcase name="tc_002" time="23.572" classname="com.hrms.testScript.TC_002"/>
</testsuite> <!-- com.hrms.testScript.TC_002 -->
