<?xml version="1.0" encoding="UTF-8"?>
<!-- Generated by org.testng.reporters.JUnitReportReporter -->
<testsuite hostname="Nit" name="com.hrms.testScript.TC_001" tests="1" failures="0" timestamp="3 Jan 2020 05:54:41 GMT" time="27.527" errors="0">
  <testcase name="tc_001" time="27.527" classname="com.hrms.testScript.TC_001"/>
</testsuite> <!-- com.hrms.testScript.TC_001 -->
