<?xml version="1.0" encoding="UTF-8"?>
<!-- Generated by org.testng.reporters.JUnitReportReporter -->
<testsuite hostname="Nit" name="com.hrms.testScript.TC_003" tests="1" failures="0" timestamp="31 Dec 2019 06:43:32 GMT" time="22.149" errors="0">
  <testcase name="tc_003" time="22.149" classname="com.hrms.testScript.TC_003"/>
</testsuite> <!-- com.hrms.testScript.TC_003 -->
